<?xml version="1.0" encoding="UTF-8"?>
<!-- Generated by org.testng.reporters.JUnitXMLReporter -->
<testsuite ignored="0" hostname="edureka" failures="1" tests="1" name="Default test" time="647.058" errors="0" timestamp="22 Nov 2022 11:02:20 GMT">
  <testcase classname="Edureka.project.AppTest" name="JenkinsTest" time="646.95">
    <failure type="org.openqa.selenium.TimeoutException" message="timeout: Timed out receiving message from renderer: 600.000
  (Session info: chrome=107.0.5304.110)
Build info: version: &amp;apos;3.11.0&amp;apos;, revision: &amp;apos;e59cfb3&amp;apos;, time: &amp;apos;2018-03-11T20:26:55.152Z&amp;apos;
System info: host: &amp;apos;edureka&amp;apos;, ip: &amp;apos;127.0.1.1&amp;apos;, os.name: &amp;apos;Linux&amp;apos;, os.arch: &amp;apos;amd64&amp;apos;, os.version: &amp;apos;4.15.0-20-generic&amp;apos;, java.version: &amp;apos;17.0.5&amp;apos;
Driver info: driver.version: ChromeDriver
remote stacktrace: #0 0x55a0380e5463 &amp;lt;unknown&amp;gt;
#1 0x55a037ea98d8 &amp;lt;unknown&amp;gt;
#2 0x55a037e93e0f &amp;lt;unknown&amp;gt;
#3 0x55a037e926f4 &amp;lt;unknown&amp;gt;
#4 0x55a037e92c4c &amp;lt;unknown&amp;gt;
#5 0x55a037e92ba4 &amp;lt;unknown&amp;gt;
#6 0x55a037e83d9c &amp;lt;unknown&amp;gt;
#7 0x55a037e83866 &amp;lt;unknown&amp;gt;
#8 0x55a037f10a70 &amp;lt;unknown&amp;gt;
#9 0x55a037f102af &amp;lt;unknown&amp;gt;
#10 0x55a037f08443 &amp;lt;unknown&amp;gt;
#11 0x55a037ed93c5 &amp;lt;unknown&amp;gt;
#12 0x55a037eda531 &amp;lt;unknown&amp;gt;
#13 0x55a038137dce &amp;lt;unknown&amp;gt;
#14 0x55a03813b192 &amp;lt;unknown&amp;gt;
#15 0x55a03811c93e &amp;lt;unknown&amp;gt;
#16 0x55a03813c103 &amp;lt;unknown&amp;gt;
#17 0x55a03810fd85 &amp;lt;unknown&amp;gt;
#18 0x55a03815d0a8 &amp;lt;unknown&amp;gt;
#19 0x55a03815d239 &amp;lt;unknown&amp;gt;
#20 0x55a038178492 &amp;lt;unknown&amp;gt;
#21 0x7fb8a3b5a6db start_thread
">
      <![CDATA[org.openqa.selenium.TimeoutException: timeout: Timed out receiving message from renderer: 600.000
  (Session info: chrome=107.0.5304.110)
Build info: version: '3.11.0', revision: 'e59cfb3', time: '2018-03-11T20:26:55.152Z'
System info: host: 'edureka', ip: '127.0.1.1', os.name: 'Linux', os.arch: 'amd64', os.version: '4.15.0-20-generic', java.version: '17.0.5'
Driver info: driver.version: ChromeDriver
remote stacktrace: #0 0x55a0380e5463 <unknown>
#1 0x55a037ea98d8 <unknown>
#2 0x55a037e93e0f <unknown>
#3 0x55a037e926f4 <unknown>
#4 0x55a037e92c4c <unknown>
#5 0x55a037e92ba4 <unknown>
#6 0x55a037e83d9c <unknown>
#7 0x55a037e83866 <unknown>
#8 0x55a037f10a70 <unknown>
#9 0x55a037f102af <unknown>
#10 0x55a037f08443 <unknown>
#11 0x55a037ed93c5 <unknown>
#12 0x55a037eda531 <unknown>
#13 0x55a038137dce <unknown>
#14 0x55a03813b192 <unknown>
#15 0x55a03811c93e <unknown>
#16 0x55a03813c103 <unknown>
#17 0x55a03810fd85 <unknown>
#18 0x55a03815d0a8 <unknown>
#19 0x55a03815d239 <unknown>
#20 0x55a038178492 <unknown>
#21 0x7fb8a3b5a6db start_thread

at java.base/jdk.internal.reflect.NativeConstructorAccessorImpl.newInstance0(Native Method)
at java.base/jdk.internal.reflect.NativeConstructorAccessorImpl.newInstance(NativeConstructorAccessorImpl.java:77)
at java.base/jdk.internal.reflect.DelegatingConstructorAccessorImpl.newInstance(DelegatingConstructorAccessorImpl.java:45)
at java.base/java.lang.reflect.Constructor.newInstanceWithCaller(Constructor.java:499)
at java.base/java.lang.reflect.Constructor.newInstance(Constructor.java:480)
at org.openqa.selenium.remote.W3CHandshakeResponse.lambda$new$0(W3CHandshakeResponse.java:57)
at org.openqa.selenium.remote.W3CHandshakeResponse.lambda$getResponseFunction$2(W3CHandshakeResponse.java:104)
at org.openqa.selenium.remote.ProtocolHandshake.lambda$createSession$0(ProtocolHandshake.java:123)
at java.base/java.util.stream.ReferencePipeline$3$1.accept(ReferencePipeline.java:197)
at java.base/java.util.Spliterators$ArraySpliterator.tryAdvance(Spliterators.java:1002)
at java.base/java.util.stream.ReferencePipeline.forEachWithCancel(ReferencePipeline.java:129)
at java.base/java.util.stream.AbstractPipeline.copyIntoWithCancel(AbstractPipeline.java:527)
at java.base/java.util.stream.AbstractPipeline.copyInto(AbstractPipeline.java:513)
at java.base/java.util.stream.AbstractPipeline.wrapAndCopyInto(AbstractPipeline.java:499)
at java.base/java.util.stream.FindOps$FindOp.evaluateSequential(FindOps.java:150)
at java.base/java.util.stream.AbstractPipeline.evaluate(AbstractPipeline.java:234)
at java.base/java.util.stream.ReferencePipeline.findFirst(ReferencePipeline.java:647)
at org.openqa.selenium.remote.ProtocolHandshake.createSession(ProtocolHandshake.java:126)
at org.openqa.selenium.remote.ProtocolHandshake.createSession(ProtocolHandshake.java:73)
at org.openqa.selenium.remote.HttpCommandExecutor.execute(HttpCommandExecutor.java:136)
at org.openqa.selenium.remote.service.DriverCommandExecutor.execute(DriverCommandExecutor.java:83)
at org.openqa.selenium.remote.RemoteWebDriver.execute(RemoteWebDriver.java:545)
at org.openqa.selenium.remote.RemoteWebDriver.startSession(RemoteWebDriver.java:209)
at org.openqa.selenium.remote.RemoteWebDriver.<init>(RemoteWebDriver.java:132)
at org.openqa.selenium.chrome.ChromeDriver.<init>(ChromeDriver.java:181)
at org.openqa.selenium.chrome.ChromeDriver.<init>(ChromeDriver.java:168)
at org.openqa.selenium.chrome.ChromeDriver.<init>(ChromeDriver.java:157)
at Edureka.project.AppTest.JenkinsTest(AppTest.java:21)
at java.base/jdk.internal.reflect.NativeMethodAccessorImpl.invoke0(Native Method)
at java.base/jdk.internal.reflect.NativeMethodAccessorImpl.invoke(NativeMethodAccessorImpl.java:77)
at java.base/jdk.internal.reflect.DelegatingMethodAccessorImpl.invoke(DelegatingMethodAccessorImpl.java:43)
at java.base/java.lang.reflect.Method.invoke(Method.java:568)
at org.testng.internal.MethodInvocationHelper.invokeMethod(MethodInvocationHelper.java:124)
at org.testng.internal.Invoker.invokeMethod(Invoker.java:583)
at org.testng.internal.Invoker.invokeTestMethod(Invoker.java:719)
at org.testng.internal.Invoker.invokeTestMethods(Invoker.java:989)
at org.testng.internal.TestMethodWorker.invokeTestMethods(TestMethodWorker.java:125)
at org.testng.internal.TestMethodWorker.run(TestMethodWorker.java:109)
at org.testng.TestRunner.privateRun(TestRunner.java:648)
at org.testng.TestRunner.run(TestRunner.java:505)
at org.testng.SuiteRunner.runTest(SuiteRunner.java:455)
at org.testng.SuiteRunner.runSequentially(SuiteRunner.java:450)
at org.testng.SuiteRunner.privateRun(SuiteRunner.java:415)
at org.testng.SuiteRunner.run(SuiteRunner.java:364)
at org.testng.SuiteRunnerWorker.runSuite(SuiteRunnerWorker.java:52)
at org.testng.SuiteRunnerWorker.run(SuiteRunnerWorker.java:84)
at org.testng.TestNG.runSuitesSequentially(TestNG.java:1208)
at org.testng.TestNG.runSuitesLocally(TestNG.java:1137)
at org.testng.TestNG.runSuites(TestNG.java:1049)
at org.testng.TestNG.run(TestNG.java:1017)
at org.testng.remote.AbstractRemoteTestNG.run(AbstractRemoteTestNG.java:115)
at org.testng.remote.RemoteTestNG.initAndRun(RemoteTestNG.java:251)
at org.testng.remote.RemoteTestNG.main(RemoteTestNG.java:77)
]]>
    </failure>
  </testcase> <!-- JenkinsTest -->
</testsuite> <!-- Default test -->
